  [1m[36mSQL (0.6ms)[0m  [1m SELECT name
 FROM sqlite_master
 WHERE type = 'table' AND NOT name = 'sqlite_sequence'
[0m
  [1m[35mSQL (0.2ms)[0m  select sqlite_version(*)
  [1m[36mSQL (92.4ms)[0m  [1mCREATE TABLE "schema_migrations" ("version" varchar(255) NOT NULL) [0m
  [1m[35mSQL (0.1ms)[0m  PRAGMA index_list("schema_migrations")
  [1m[36mSQL (77.1ms)[0m  [1mCREATE UNIQUE INDEX "unique_schema_migrations" ON "schema_migrations" ("version")[0m
  [1m[35mSQL (0.3ms)[0m   SELECT name
 FROM sqlite_master
 WHERE type = 'table' AND NOT name = 'sqlite_sequence'
  [1m[36mSQL (0.7ms)[0m  [1m SELECT name
 FROM sqlite_master
 WHERE type = 'table' AND NOT name = 'sqlite_sequence'
[0m
  [1m[35mSQL (0.5ms)[0m   SELECT name
 FROM sqlite_master
 WHERE type = 'table' AND NOT name = 'sqlite_sequence'
  [1m[36mSQL (0.4ms)[0m  [1mSELECT "schema_migrations"."version" FROM "schema_migrations"[0m
  [1m[35mSQL (0.5ms)[0m   SELECT name
 FROM sqlite_master
 WHERE type = 'table' AND NOT name = 'sqlite_sequence'
  [1m[36mSQL (0.7ms)[0m  [1m SELECT name
 FROM sqlite_master
 WHERE type = 'table' AND NOT name = 'sqlite_sequence'
[0m
  [1m[35mSQL (0.2ms)[0m   SELECT name
 FROM sqlite_master
 WHERE type = 'table' AND NOT name = 'sqlite_sequence'
  [1m[36mSQL (0.2ms)[0m  [1mSELECT "schema_migrations"."version" FROM "schema_migrations"[0m
Migrating to CreateArticles (20110613223218)
  [1m[35mSQL (0.1ms)[0m  select sqlite_version(*)
  [1m[36mSQL (1.3ms)[0m  [1mCREATE TABLE "articles" ("id" INTEGER PRIMARY KEY AUTOINCREMENT NOT NULL, "title" varchar(255), "body" text, "published_at" datetime, "created_at" datetime, "updated_at" datetime) [0m
  [1m[35mSQL (0.5ms)[0m  INSERT INTO "schema_migrations" ("version") VALUES ('20110613223218')
  [1m[36mSQL (0.4ms)[0m  [1m SELECT name
 FROM sqlite_master
 WHERE type = 'table' AND NOT name = 'sqlite_sequence'
[0m
  [1m[35mSQL (0.2ms)[0m  SELECT "schema_migrations"."version" FROM "schema_migrations"
  [1m[36mSQL (0.3ms)[0m  [1m SELECT name
 FROM sqlite_master
 WHERE type = 'table' AND NOT name = 'sqlite_sequence'
[0m
  [1m[35mSQL (0.1ms)[0m  PRAGMA index_list("articles")
DEPRECATION WARNING: config.action_view.debug_rjs will be removed in 3.1, from 3.1 onwards you will need to install prototype-rails to continue to use RJS templates . (called from service at /home/mike/.rvm/rubies/ruby-1.9.2-p180/lib/ruby/1.9.1/webrick/httpserver.rb:111)


Started GET "/articles" for 127.0.0.1 at 2011-06-13 17:51:23 -0500
  Processing by ArticlesController#index as HTML
  [1m[36mArticle Load (0.9ms)[0m  [1mSELECT "articles".* FROM "articles"[0m
Rendered articles/index.html.erb within layouts/application (50.2ms)
Completed 200 OK in 324ms (Views: 76.2ms | ActiveRecord: 0.9ms)


Started GET "/articles/new" for 127.0.0.1 at 2011-06-13 17:52:14 -0500
  Processing by ArticlesController#new as HTML
Rendered articles/_form.html.erb (194.2ms)
Rendered articles/new.html.erb within layouts/application (205.4ms)
Completed 200 OK in 246ms (Views: 228.3ms | ActiveRecord: 0.0ms)
  [1m[36mSQL (0.7ms)[0m  [1m SELECT name
 FROM sqlite_master
 WHERE type = 'table' AND NOT name = 'sqlite_sequence'
[0m
  [1m[35mSQL (0.3ms)[0m   SELECT name
 FROM sqlite_master
 WHERE type = 'table' AND NOT name = 'sqlite_sequence'
  [1m[36mSQL (0.2ms)[0m  [1mSELECT "schema_migrations"."version" FROM "schema_migrations"[0m
Migrating to CreateArticles (20110613223218)
Migrating to AddExcerptAndLocationToArticles (20110613225611)
  [1m[35mSQL (0.1ms)[0m  select sqlite_version(*)
  [1m[36mSQL (1.1ms)[0m  [1mALTER TABLE "articles" ADD "excerpt" varchar(255)[0m
  [1m[35mSQL (0.4ms)[0m  ALTER TABLE "articles" ADD "location" varchar(255)
  [1m[36mSQL (0.7ms)[0m  [1mINSERT INTO "schema_migrations" ("version") VALUES ('20110613225611')[0m
  [1m[35mSQL (0.8ms)[0m   SELECT name
 FROM sqlite_master
 WHERE type = 'table' AND NOT name = 'sqlite_sequence'
  [1m[36mSQL (0.6ms)[0m  [1mSELECT "schema_migrations"."version" FROM "schema_migrations"[0m
  [1m[35mSQL (0.7ms)[0m   SELECT name
 FROM sqlite_master
 WHERE type = 'table' AND NOT name = 'sqlite_sequence'
  [1m[36mSQL (0.2ms)[0m  [1mPRAGMA index_list("articles")[0m


Started GET "/articles" for 127.0.0.1 at 2011-06-13 18:03:25 -0500
  Processing by ArticlesController#index as HTML
  [1m[35mArticle Load (0.5ms)[0m  SELECT "articles".* FROM "articles"
Rendered articles/index.html.erb within layouts/application (6.0ms)
Completed 200 OK in 33ms (Views: 11.1ms | ActiveRecord: 0.5ms)


Started GET "/articles/new" for 127.0.0.1 at 2011-06-13 18:03:26 -0500
  Processing by ArticlesController#new as HTML
Rendered articles/_form.html.erb (69.3ms)
Rendered articles/new.html.erb within layouts/application (74.4ms)
Completed 200 OK in 99ms (Views: 84.4ms | ActiveRecord: 0.0ms)


Started GET "/articles" for 127.0.0.1 at 2011-06-13 18:07:36 -0500
  Processing by ArticlesController#index as HTML
Completed 500 Internal Server Error in 39ms

ArgumentError (Unknown validator: 'Article'):
  app/models/article.rb:2:in `<class:Article>'
  app/models/article.rb:1:in `<top (required)>'
  app/controllers/articles_controller.rb:5:in `index'

Rendered /home/mike/.rvm/gems/ruby-1.9.2-p180/gems/actionpack-3.0.8/lib/action_dispatch/middleware/templates/rescues/_trace.erb (2.0ms)
Rendered /home/mike/.rvm/gems/ruby-1.9.2-p180/gems/actionpack-3.0.8/lib/action_dispatch/middleware/templates/rescues/_request_and_response.erb (5.3ms)
Rendered /home/mike/.rvm/gems/ruby-1.9.2-p180/gems/actionpack-3.0.8/lib/action_dispatch/middleware/templates/rescues/diagnostics.erb within rescues/layout (26.1ms)


Started GET "/articles" for 127.0.0.1 at 2011-06-13 18:07:49 -0500
  Processing by ArticlesController#index as HTML
Completed 500 Internal Server Error in 98ms

ArgumentError (Unknown validator: 'Article'):
  app/models/article.rb:2:in `<class:Article>'
  app/models/article.rb:1:in `<top (required)>'
  app/controllers/articles_controller.rb:5:in `index'

Rendered /home/mike/.rvm/gems/ruby-1.9.2-p180/gems/actionpack-3.0.8/lib/action_dispatch/middleware/templates/rescues/_trace.erb (2.1ms)
Rendered /home/mike/.rvm/gems/ruby-1.9.2-p180/gems/actionpack-3.0.8/lib/action_dispatch/middleware/templates/rescues/_request_and_response.erb (4.4ms)
Rendered /home/mike/.rvm/gems/ruby-1.9.2-p180/gems/actionpack-3.0.8/lib/action_dispatch/middleware/templates/rescues/diagnostics.erb within rescues/layout (13.0ms)


Started GET "/articles" for 127.0.0.1 at 2011-06-13 18:08:02 -0500
  Processing by ArticlesController#index as HTML
Completed 500 Internal Server Error in 42ms

ArgumentError (Unknown validator: 'Article'):
  app/models/article.rb:2:in `<class:Article>'
  app/models/article.rb:1:in `<top (required)>'
  app/controllers/articles_controller.rb:5:in `index'

Rendered /home/mike/.rvm/gems/ruby-1.9.2-p180/gems/actionpack-3.0.8/lib/action_dispatch/middleware/templates/rescues/_trace.erb (4.4ms)
Rendered /home/mike/.rvm/gems/ruby-1.9.2-p180/gems/actionpack-3.0.8/lib/action_dispatch/middleware/templates/rescues/_request_and_response.erb (7.2ms)
Rendered /home/mike/.rvm/gems/ruby-1.9.2-p180/gems/actionpack-3.0.8/lib/action_dispatch/middleware/templates/rescues/diagnostics.erb within rescues/layout (22.0ms)


Started GET "/articles" for 127.0.0.1 at 2011-06-13 18:08:11 -0500
  Processing by ArticlesController#index as HTML
Completed 500 Internal Server Error in 37ms

ArgumentError (Unknown validator: 'Article'):
  app/models/article.rb:2:in `<class:Article>'
  app/models/article.rb:1:in `<top (required)>'
  app/controllers/articles_controller.rb:5:in `index'

Rendered /home/mike/.rvm/gems/ruby-1.9.2-p180/gems/actionpack-3.0.8/lib/action_dispatch/middleware/templates/rescues/_trace.erb (68.8ms)
Rendered /home/mike/.rvm/gems/ruby-1.9.2-p180/gems/actionpack-3.0.8/lib/action_dispatch/middleware/templates/rescues/_request_and_response.erb (9.5ms)
Rendered /home/mike/.rvm/gems/ruby-1.9.2-p180/gems/actionpack-3.0.8/lib/action_dispatch/middleware/templates/rescues/diagnostics.erb within rescues/layout (84.4ms)


Started GET "/articles" for 127.0.0.1 at 2011-06-13 18:08:45 -0500
  Processing by ArticlesController#index as HTML
  [1m[36mArticle Load (0.5ms)[0m  [1mSELECT "articles".* FROM "articles"[0m
Rendered articles/index.html.erb within layouts/application (6.0ms)
Completed 200 OK in 53ms (Views: 18.8ms | ActiveRecord: 0.5ms)


Started GET "/articles/new" for 127.0.0.1 at 2011-06-13 18:08:47 -0500
  Processing by ArticlesController#new as HTML
Rendered articles/_form.html.erb (46.0ms)
Rendered articles/new.html.erb within layouts/application (71.1ms)
Completed 200 OK in 120ms (Views: 82.3ms | ActiveRecord: 0.0ms)


Started GET "/articles" for 127.0.0.1 at 2011-06-13 18:09:32 -0500
  Processing by ArticlesController#index as HTML
  [1m[35mArticle Load (0.5ms)[0m  SELECT "articles".* FROM "articles"
Rendered articles/index.html.erb within layouts/application (12.7ms)
Completed 200 OK in 49ms (Views: 21.1ms | ActiveRecord: 0.5ms)


Started GET "/articles/new" for 127.0.0.1 at 2011-06-13 18:09:34 -0500
  Processing by ArticlesController#new as HTML
Rendered articles/_form.html.erb (33.7ms)
Rendered articles/new.html.erb within layouts/application (38.9ms)
Completed 200 OK in 74ms (Views: 43.8ms | ActiveRecord: 0.0ms)


Started POST "/articles" for 127.0.0.1 at 2011-06-13 18:09:37 -0500
  Processing by ArticlesController#create as HTML
  Parameters: {"utf8"=>"✓", "authenticity_token"=>"89sjBeWLMvs/ynxqpBN1TlvszNNvAuBgzCfbkKqCrbg=", "article"=>{"title"=>"", "location"=>"", "excerpt"=>"", "body"=>"", "published_at(1i)"=>"2011", "published_at(2i)"=>"6", "published_at(3i)"=>"13", "published_at(4i)"=>"23", "published_at(5i)"=>"09"}, "commit"=>"Create Article"}
Rendered articles/_form.html.erb (23.9ms)
Rendered articles/new.html.erb within layouts/application (39.2ms)
Completed 200 OK in 120ms (Views: 44.1ms | ActiveRecord: 0.0ms)
